[ 1593229ms] TypeError: Cannot destructure property 'width' of 'texture.orig' as it is undefined.
    at updateQuadBounds (http://localhost:3000/_next/static/chunks/node_modules_pixi_js_lib_a80c1c50._.js:3737:13)
    at get visualBounds (http://localhost:3000/_next/static/chunks/node_modules_pixi_js_lib_scene_08daaa20._.js:3448:204)
    at SpritePipe._initGPUSprite (http://localhost:3000/_next/static/chunks/node_modules_f1c26522._.js:12465:41)
    at SpritePipe._getGpuSprite (http://localhost:3000/_next/static/chunks/node_modules_f1c26522._.js:12458:60)
    at SpritePipe.addRenderable (http://localhost:3000/_next/static/chunks/node_modules_f1c26522._.js:12440:32)
    at Sprite.collectRenderablesSimple (http://localhost:3000/_next/static/chunks/node_modules_pixi_js_lib_scene_08daaa20._.js:3296:18)
    at Sprite.collectRenderables (http://localhost:3000/_next/static/chunks/node_modules_pixi_js_lib_scene_08daaa20._.js:1025:18)
    at Container.collectRenderablesSimple (http://localhost:3000/_next/static/chunks/node_modules_pixi_js_lib_scene_08daaa20._.js:1036:25)
    at Container.collectRenderables (http://localhost:3000/_next/static/chunks/node_modules_pixi_js_lib_scene_08daaa20._.js:1025:18)
    at Container.collectRenderablesSimple (http://localhost:3000/_next/static/chunks/node_modules_pixi_js_lib_scene_08daaa20._.js:1036:25)
    at Container.collectRenderablesWithEffects (http://localhost:3000/_next/static/chunks/node_modules_pixi_js_lib_scene_08daaa20._.js:1046:14)
    at RenderGroupSystem._buildInstructions (http://localhost:3000/_next/static/chunks/node_modules_f1c26522._.js:12407:14)
    at RenderGroupSystem._updateRenderGroups (http://localhost:3000/_next/static/chunks/node_modules_f1c26522._.js:12374:18)
    at RenderGroupSystem.render (http://localhost:3000/_next/static/chunks/node_modules_f1c26522._.js:12303:14)
    at SystemRunner.emit (http://localhost:3000/_next/static/chunks/node_modules_pixi_js_lib_rendering_76878259._.js:1763:27)
    at WebGLRenderer.render (http://localhost:3000/_next/static/chunks/node_modules_pixi_js_lib_rendering_76878259._.js:1955:29)
    at _Application.render (http://localhost:3000/_next/static/chunks/node_modules_pixi_js_lib_a80c1c50._.js:8000:23)
    at TickerListener.emit (http://localhost:3000/_next/static/chunks/node_modules_pixi_js_lib_a80c1c50._.js:6091:26)
    at _Ticker.update (http://localhost:3000/_next/static/chunks/node_modules_pixi_js_lib_a80c1c50._.js:6566:37)
    at _tick (http://localhost:3000/_next/static/chunks/node_modules_pixi_js_lib_a80c1c50._.js:6263:22)
[ 1598608ms] TypeError: Cannot destructure property 'width' of 'texture.orig' as it is undefined.
    at updateQuadBounds (http://localhost:3000/_next/static/chunks/node_modules_pixi_js_lib_a80c1c50._.js:3737:13)
    at get visualBounds (http://localhost:3000/_next/static/chunks/node_modules_pixi_js_lib_scene_08daaa20._.js:3448:204)
    at SpritePipe._initGPUSprite (http://localhost:3000/_next/static/chunks/node_modules_f1c26522._.js:12465:41)
    at SpritePipe._getGpuSprite (http://localhost:3000/_next/static/chunks/node_modules_f1c26522._.js:12458:60)
    at SpritePipe.addRenderable (http://localhost:3000/_next/static/chunks/node_modules_f1c26522._.js:12440:32)
    at Sprite.collectRenderablesSimple (http://localhost:3000/_next/static/chunks/node_modules_pixi_js_lib_scene_08daaa20._.js:3296:18)
    at Sprite.collectRenderables (http://localhost:3000/_next/static/chunks/node_modules_pixi_js_lib_scene_08daaa20._.js:1025:18)
    at Container.collectRenderablesSimple (http://localhost:3000/_next/static/chunks/node_modules_pixi_js_lib_scene_08daaa20._.js:1036:25)
    at Container.collectRenderables (http://localhost:3000/_next/static/chunks/node_modules_pixi_js_lib_scene_08daaa20._.js:1025:18)
    at Container.collectRenderablesSimple (http://localhost:3000/_next/static/chunks/node_modules_pixi_js_lib_scene_08daaa20._.js:1036:25)
    at Container.collectRenderablesWithEffects (http://localhost:3000/_next/static/chunks/node_modules_pixi_js_lib_scene_08daaa20._.js:1046:14)
    at RenderGroupSystem._buildInstructions (http://localhost:3000/_next/static/chunks/node_modules_f1c26522._.js:12407:14)
    at RenderGroupSystem._updateRenderGroups (http://localhost:3000/_next/static/chunks/node_modules_f1c26522._.js:12374:18)
    at RenderGroupSystem.render (http://localhost:3000/_next/static/chunks/node_modules_f1c26522._.js:12303:14)
    at SystemRunner.emit (http://localhost:3000/_next/static/chunks/node_modules_pixi_js_lib_rendering_76878259._.js:1763:27)
    at WebGLRenderer.render (http://localhost:3000/_next/static/chunks/node_modules_pixi_js_lib_rendering_76878259._.js:1955:29)
    at _Application.render (http://localhost:3000/_next/static/chunks/node_modules_pixi_js_lib_a80c1c50._.js:8000:23)
    at TickerListener.emit (http://localhost:3000/_next/static/chunks/node_modules_pixi_js_lib_a80c1c50._.js:6091:26)
    at _Ticker.update (http://localhost:3000/_next/static/chunks/node_modules_pixi_js_lib_a80c1c50._.js:6566:37)
    at _tick (http://localhost:3000/_next/static/chunks/node_modules_pixi_js_lib_a80c1c50._.js:6263:22)
